<?xml version="1.0" encoding="UTF-8"?>
<testng-results ignored="0" total="1" passed="1" failed="0" skipped="0">
  <reporter-output>
  </reporter-output>
  <suite started-at="2026-01-11T22:43:17 IST" name="Default suite" finished-at="2026-01-11T22:43:45 IST" duration-ms="28378">
    <groups>
    </groups>
    <test started-at="2026-01-11T22:43:17 IST" name="Default test" finished-at="2026-01-11T22:43:45 IST" duration-ms="28378">
      <class name="gettingStarted.LoginLogoutTestNG">
        <test-method signature="loginTest()[pri:0, instance:gettingStarted.LoginLogoutTestNG@36902638]" started-at="2026-01-11T22:43:17 IST" name="loginTest" finished-at="2026-01-11T22:43:45 IST" duration-ms="28332" status="PASS">
          <reporter-output>
          </reporter-output>
        </test-method> <!-- loginTest -->
      </class> <!-- gettingStarted.LoginLogoutTestNG -->
    </test> <!-- Default test -->
  </suite> <!-- Default suite -->
</testng-results>
